Start testing: Jun 07 23:27 EDT
----------------------------------------------------------
5/5 Testing: mjpeg_server
5/5 Test: mjpeg_server
Command: "/mnt/sdb1/Code/Active Code/raspberry-pi-microscopy/build-tests/tests/test_mjpeg_server"
Directory: /mnt/sdb1/Code/Active Code/raspberry-pi-microscopy/build-tests/tests
"mjpeg_server" start time: Jun 07 23:27 EDT
Output:
----------------------------------------------------------
Running main() from /mnt/sdb1/Code/Active Code/raspberry-pi-microscopy/build-tests/_deps/googletest-src/googletest/src/gtest_main.cc
[==========] Running 18 tests from 1 test suite.
[----------] Global test environment set-up.
[----------] 18 tests from MjpegServer
[ RUN      ] MjpegServer.StartsOnValidPort
[mjpeg] listening on port 46525 (HTTP)
[       OK ] MjpegServer.StartsOnValidPort (0 ms)
[ RUN      ] MjpegServer.FailsOnPrivilegedPort
[mjpeg] bind(:1): Permission denied
[       OK ] MjpegServer.FailsOnPrivilegedPort (0 ms)
[ RUN      ] MjpegServer.PushFrameWithNoClients_NoCrash
[mjpeg] listening on port 35975 (HTTP)
[       OK ] MjpegServer.PushFrameWithNoClients_NoCrash (0 ms)
[ RUN      ] MjpegServer.SetStatusWithNoClients_NoCrash
[mjpeg] listening on port 33567 (HTTP)
[       OK ] MjpegServer.SetStatusWithNoClients_NoCrash (0 ms)
[ RUN      ] MjpegServer.PopCommandEmptyQueue_ReturnsFalse
[mjpeg] listening on port 40965 (HTTP)
[       OK ] MjpegServer.PopCommandEmptyQueue_ReturnsFalse (0 ms)
[ RUN      ] MjpegServer.HTTP_GET_Root_ReturnsHtml
[mjpeg] listening on port 42401 (HTTP)
[       OK ] MjpegServer.HTTP_GET_Root_ReturnsHtml (10 ms)
[ RUN      ] MjpegServer.HTTP_GET_Unknown_Returns404
[mjpeg] listening on port 33863 (HTTP)
[       OK ] MjpegServer.HTTP_GET_Unknown_Returns404 (11 ms)
[ RUN      ] MjpegServer.HTTP_GET_Status_ReturnsJson
[mjpeg] listening on port 32803 (HTTP)
[       OK ] MjpegServer.HTTP_GET_Status_ReturnsJson (10 ms)
[ RUN      ] MjpegServer.POST_Command_PushedToQueue
[mjpeg] listening on port 36481 (HTTP)
[       OK ] MjpegServer.POST_Command_PushedToQueue (10 ms)
[ RUN      ] MjpegServer.POST_Command_UrlDecoded
[mjpeg] listening on port 33063 (HTTP)
[       OK ] MjpegServer.POST_Command_UrlDecoded (11 ms)
[ RUN      ] MjpegServer.POST_MultipleCommands_ServedInOrder
[mjpeg] listening on port 38345 (HTTP)
[       OK ] MjpegServer.POST_MultipleCommands_ServedInOrder (16 ms)
[ RUN      ] MjpegServer.Stream_ReceivesMjpegContentType
[mjpeg] listening on port 44565 (HTTP)
[       OK ] MjpegServer.Stream_ReceivesMjpegContentType (210 ms)
[ RUN      ] MjpegServer.Stream_ContainsJpegFrame
[mjpeg] listening on port 44549 (HTTP)
[       OK ] MjpegServer.Stream_ContainsJpegFrame (210 ms)
[ RUN      ] MjpegServer.HTTPS_FallsBackToHttpWhenNoCert
[mjpeg] stream_https = true but stream_cert/stream_key not set — falling back to HTTP
[mjpeg] listening on port 38169 (HTTP)
[       OK ] MjpegServer.HTTPS_FallsBackToHttpWhenNoCert (7 ms)
[ RUN      ] MjpegServer.HTTPS_FallsBackToHttpOnMissingCertFile
[mjpeg] failed to load TLS cert: /nonexistent.crt — falling back to HTTP
[mjpeg] listening on port 42863 (HTTP)
[       OK ] MjpegServer.HTTPS_FallsBackToHttpOnMissingCertFile (11 ms)
[ RUN      ] MjpegServer.HTTPS_ServesPageOverTls
[mjpeg] listening on port 43751 (HTTPS)
[       OK ] MjpegServer.HTTPS_ServesPageOverTls (35 ms)
[ RUN      ] MjpegServer.HTTPS_StatusEndpointOverTls
[mjpeg] listening on port 38683 (HTTPS)
[       OK ] MjpegServer.HTTPS_StatusEndpointOverTls (31 ms)
[ RUN      ] MjpegServer.DestructorWithActiveStreamClient_NoCrash
[mjpeg] listening on port 34903 (HTTP)
[       OK ] MjpegServer.DestructorWithActiveStreamClient_NoCrash (205 ms)
[----------] 18 tests from MjpegServer (787 ms total)

[----------] Global test environment tear-down
[==========] 18 tests from 1 test suite ran. (787 ms total)
[  PASSED  ] 18 tests.
<end of output>
Test time =   0.80 sec
----------------------------------------------------------
Test Passed.
"mjpeg_server" end time: Jun 07 23:27 EDT
"mjpeg_server" time elapsed: 00:00:00
----------------------------------------------------------

End testing: Jun 07 23:27 EDT
